[2025-09-06T07:14:31.265439+00:00] main.INFO: {"feed":"undefined","operation":"undefined","status":"Setting mode Update On Schedule for indexer Sales Order Feed","elapsed":"00:00:00 161 ms","pid":"19860","caller":"bin\/magento setup:install"} [] []
[2025-09-06T07:14:31.463845+00:00] main.INFO: {"feed":"undefined","operation":"undefined","status":"Setting mode Update On Schedule for indexer Sales Order Statuses Feed","elapsed":"00:00:00 359 ms","pid":"19860","caller":"bin\/magento setup:install"} [] []
[2025-09-06T07:14:31.580937+00:00] main.INFO: {"feed":"undefined","operation":"undefined","status":"Setting mode Update On Schedule for indexer Stores Feed","elapsed":"00:00:00 476 ms","pid":"19860","caller":"bin\/magento setup:install"} [] []
[2025-09-09T15:59:17.369884+00:00] main.INFO: {"feed":"salesOrders","operation":"full reindex(legacy)","status":"Initialize","elapsed":"952 ms","pid":"17345","caller":"bin\/magento setup:upgrade"} [] []
[2025-09-09T15:59:17.582092+00:00] main.INFO: {"feed":"salesOrders","operation":"full reindex(legacy)","status":"Creating batch table `sales_data_exporter_orders_index_batches`. Start position: 0","elapsed":"00:00:00 165 ms","pid":"17345","caller":"bin\/magento setup:upgrade"} [] []
[2025-09-09T15:59:17.665713+00:00] main.INFO: {"feed":"salesOrders","operation":"full reindex(legacy)","status":"Batch table `sales_data_exporter_orders_index_batches` created. Total Items: 2, batches: ~0","elapsed":"00:00:00 248 ms","pid":"17345","caller":"bin\/magento setup:upgrade"} [] []
[2025-09-09T15:59:17.666295+00:00] main.INFO: {"feed":"salesOrders","operation":"full reindex(legacy)","status":"start processing `2` items in `1` threads with `100` batch size","elapsed":"00:00:00 249 ms","pid":"17345","caller":"bin\/magento setup:upgrade"} [] []
[2025-09-09T15:59:17.738156+00:00] main.INFO: {"feed":"salesOrders","operation":"full reindex(legacy)","status":"Progress 1\/1, processed 2, synced 0","elapsed":"00:00:00 321 ms","pid":"17345","caller":"bin\/magento setup:upgrade"} [] []
[2025-09-09T15:59:17.747793+00:00] main.INFO: {"feed":"salesOrders","operation":"full reindex(legacy)","status":"Complete","elapsed":"00:00:00 330 ms","pid":"17345","caller":"bin\/magento setup:upgrade"} [] []
[2025-09-09T15:59:17.805801+00:00] main.INFO: {"feed":"salesOrderStatuses","operation":"full reindex(legacy)","status":"Initialize","elapsed":"00:00:00 824 ms","pid":"17345","caller":"bin\/magento setup:upgrade"} [] []
[2025-09-09T15:59:17.902007+00:00] main.INFO: {"feed":"salesOrderStatuses","operation":"full reindex(legacy)","status":"Creating batch table `sales_data_exporter_order_statuses_index_batches`. Start position: ","elapsed":"00:00:01 921 ms","pid":"17345","caller":"bin\/magento setup:upgrade"} [] []
[2025-09-09T15:59:17.951452+00:00] main.INFO: {"feed":"salesOrderStatuses","operation":"full reindex(legacy)","status":"Batch table `sales_data_exporter_order_statuses_index_batches` created. Total Items: 12, batches: ~0","elapsed":"00:00:01 970 ms","pid":"17345","caller":"bin\/magento setup:upgrade"} [] []
[2025-09-09T15:59:17.951865+00:00] main.INFO: {"feed":"salesOrderStatuses","operation":"full reindex(legacy)","status":"start processing `12` items in `1` threads with `100` batch size","elapsed":"00:00:01 970 ms","pid":"17345","caller":"bin\/magento setup:upgrade"} [] []
[2025-09-09T15:59:17.971101+00:00] main.INFO: {"feed":"salesOrderStatuses","operation":"full reindex(legacy)","status":"Progress 1\/1, processed 12, synced 12","elapsed":"00:00:01 990 ms","pid":"17345","caller":"bin\/magento setup:upgrade"} [] []
[2025-09-09T15:59:17.975858+00:00] main.INFO: {"feed":"salesOrderStatuses","operation":"full reindex(legacy)","status":"Complete","elapsed":"00:00:01 994 ms","pid":"17345","caller":"bin\/magento setup:upgrade"} [] []
[2025-09-09T15:59:18.012689+00:00] main.INFO: {"feed":"stores","operation":"full reindex(legacy)","status":"Initialize","elapsed":"238 ms","pid":"17345","caller":"bin\/magento setup:upgrade"} [] []
[2025-09-09T15:59:18.142716+00:00] main.INFO: {"feed":"stores","operation":"full reindex(legacy)","status":"Creating batch table `stores_data_exporter_index_batches`. Start position: 0","elapsed":"368 ms","pid":"17345","caller":"bin\/magento setup:upgrade"} [] []
[2025-09-09T15:59:18.350525+00:00] main.INFO: {"feed":"stores","operation":"full reindex(legacy)","status":"Batch table `stores_data_exporter_index_batches` created. Total Items: 1, batches: ~0","elapsed":"576 ms","pid":"17345","caller":"bin\/magento setup:upgrade"} [] []
[2025-09-09T15:59:18.350786+00:00] main.INFO: {"feed":"stores","operation":"full reindex(legacy)","status":"start processing `1` items in `1` threads with `100` batch size","elapsed":"576 ms","pid":"17345","caller":"bin\/magento setup:upgrade"} [] []
[2025-09-09T15:59:18.364576+00:00] main.INFO: {"feed":"stores","operation":"full reindex(legacy)","status":"Progress 1\/1, processed 1, synced 1","elapsed":"590 ms","pid":"17345","caller":"bin\/magento setup:upgrade"} [] []
[2025-09-09T15:59:18.370263+00:00] main.INFO: {"feed":"stores","operation":"full reindex(legacy)","status":"Complete","elapsed":"596 ms","pid":"17345","caller":"bin\/magento setup:upgrade"} [] []
[2025-09-09T16:04:50.351280+00:00] main.INFO: {"feed":"salesOrders","operation":"full reindex(legacy)","status":"Initialize","elapsed":"00:00:00 541 ms","pid":"18352","caller":"bin\/magento indexer:reindex"} [] []
[2025-09-09T16:04:50.469333+00:00] main.INFO: {"feed":"salesOrders","operation":"full reindex(legacy)","status":"Creating batch table `sales_data_exporter_orders_index_batches`. Start position: 0","elapsed":"00:00:00 659 ms","pid":"18352","caller":"bin\/magento indexer:reindex"} [] []
[2025-09-09T16:04:50.528844+00:00] main.INFO: {"feed":"salesOrders","operation":"full reindex(legacy)","status":"Batch table `sales_data_exporter_orders_index_batches` created. Total Items: 2, batches: ~0","elapsed":"00:00:00 719 ms","pid":"18352","caller":"bin\/magento indexer:reindex"} [] []
[2025-09-09T16:04:50.529229+00:00] main.INFO: {"feed":"salesOrders","operation":"full reindex(legacy)","status":"start processing `2` items in `1` threads with `100` batch size","elapsed":"00:00:00 719 ms","pid":"18352","caller":"bin\/magento indexer:reindex"} [] []
[2025-09-09T16:04:50.558255+00:00] main.INFO: {"feed":"salesOrders","operation":"full reindex(legacy)","status":"Progress 1\/1, processed 2, synced 0","elapsed":"00:00:00 748 ms","pid":"18352","caller":"bin\/magento indexer:reindex"} [] []
[2025-09-09T16:04:50.565990+00:00] main.INFO: {"feed":"salesOrders","operation":"full reindex(legacy)","status":"Complete","elapsed":"00:00:00 756 ms","pid":"18352","caller":"bin\/magento indexer:reindex"} [] []
[2025-09-09T16:04:50.606063+00:00] main.INFO: {"feed":"salesOrderStatuses","operation":"full reindex(legacy)","status":"Initialize","elapsed":"51 ms","pid":"18352","caller":"bin\/magento indexer:reindex"} [] []
[2025-09-09T16:04:50.721231+00:00] main.INFO: {"feed":"salesOrderStatuses","operation":"full reindex(legacy)","status":"Creating batch table `sales_data_exporter_order_statuses_index_batches`. Start position: ","elapsed":"166 ms","pid":"18352","caller":"bin\/magento indexer:reindex"} [] []
[2025-09-09T16:04:50.790833+00:00] main.INFO: {"feed":"salesOrderStatuses","operation":"full reindex(legacy)","status":"Batch table `sales_data_exporter_order_statuses_index_batches` created. Total Items: 12, batches: ~0","elapsed":"236 ms","pid":"18352","caller":"bin\/magento indexer:reindex"} [] []
[2025-09-09T16:04:50.791747+00:00] main.INFO: {"feed":"salesOrderStatuses","operation":"full reindex(legacy)","status":"start processing `12` items in `1` threads with `100` batch size","elapsed":"237 ms","pid":"18352","caller":"bin\/magento indexer:reindex"} [] []
[2025-09-09T16:04:50.817979+00:00] main.INFO: {"feed":"salesOrderStatuses","operation":"full reindex(legacy)","status":"Progress 1\/1, processed 12, synced 12","elapsed":"263 ms","pid":"18352","caller":"bin\/magento indexer:reindex"} [] []
[2025-09-09T16:04:50.826925+00:00] main.INFO: {"feed":"salesOrderStatuses","operation":"full reindex(legacy)","status":"Complete","elapsed":"272 ms","pid":"18352","caller":"bin\/magento indexer:reindex"} [] []
[2025-09-09T16:04:50.916349+00:00] main.INFO: {"feed":"stores","operation":"full reindex(legacy)","status":"Initialize","elapsed":"672 ms","pid":"18352","caller":"bin\/magento indexer:reindex"} [] []
[2025-09-09T16:04:51.065087+00:00] main.INFO: {"feed":"stores","operation":"full reindex(legacy)","status":"Creating batch table `stores_data_exporter_index_batches`. Start position: 0","elapsed":"820 ms","pid":"18352","caller":"bin\/magento indexer:reindex"} [] []
[2025-09-09T16:04:51.129391+00:00] main.INFO: {"feed":"stores","operation":"full reindex(legacy)","status":"Batch table `stores_data_exporter_index_batches` created. Total Items: 1, batches: ~0","elapsed":"885 ms","pid":"18352","caller":"bin\/magento indexer:reindex"} [] []
[2025-09-09T16:04:51.129950+00:00] main.INFO: {"feed":"stores","operation":"full reindex(legacy)","status":"start processing `1` items in `1` threads with `100` batch size","elapsed":"885 ms","pid":"18352","caller":"bin\/magento indexer:reindex"} [] []
[2025-09-09T16:04:51.143974+00:00] main.INFO: {"feed":"stores","operation":"full reindex(legacy)","status":"Progress 1\/1, processed 1, synced 1","elapsed":"899 ms","pid":"18352","caller":"bin\/magento indexer:reindex"} [] []
[2025-09-09T16:04:51.148491+00:00] main.INFO: {"feed":"stores","operation":"full reindex(legacy)","status":"Complete","elapsed":"904 ms","pid":"18352","caller":"bin\/magento indexer:reindex"} [] []
[2025-09-09T16:41:37.123280+00:00] main.INFO: {"feed":"salesOrders","operation":"full reindex(legacy)","status":"Initialize","elapsed":"00:00:00 851 ms","pid":"81116","caller":"bin\/magento setup:upgrade"} [] []
[2025-09-09T16:41:37.276612+00:00] main.INFO: {"feed":"salesOrders","operation":"full reindex(legacy)","status":"Creating batch table `sales_data_exporter_orders_index_batches`. Start position: 0","elapsed":"00:00:01 5 ms","pid":"81116","caller":"bin\/magento setup:upgrade"} [] []
[2025-09-09T16:41:37.363518+00:00] main.INFO: {"feed":"salesOrders","operation":"full reindex(legacy)","status":"Batch table `sales_data_exporter_orders_index_batches` created. Total Items: 2, batches: ~0","elapsed":"00:00:01 91 ms","pid":"81116","caller":"bin\/magento setup:upgrade"} [] []
[2025-09-09T16:41:37.364104+00:00] main.INFO: {"feed":"salesOrders","operation":"full reindex(legacy)","status":"start processing `2` items in `1` threads with `100` batch size","elapsed":"00:00:01 92 ms","pid":"81116","caller":"bin\/magento setup:upgrade"} [] []
[2025-09-09T16:41:37.453055+00:00] main.INFO: {"feed":"salesOrders","operation":"full reindex(legacy)","status":"Progress 1\/1, processed 2, synced 0","elapsed":"00:00:01 181 ms","pid":"81116","caller":"bin\/magento setup:upgrade"} [] []
[2025-09-09T16:41:37.463591+00:00] main.INFO: {"feed":"salesOrders","operation":"full reindex(legacy)","status":"Complete","elapsed":"00:00:01 192 ms","pid":"81116","caller":"bin\/magento setup:upgrade"} [] []
[2025-09-09T16:41:37.527250+00:00] main.INFO: {"feed":"salesOrderStatuses","operation":"full reindex(legacy)","status":"Initialize","elapsed":"662 ms","pid":"81116","caller":"bin\/magento setup:upgrade"} [] []
[2025-09-09T16:41:37.689745+00:00] main.INFO: {"feed":"salesOrderStatuses","operation":"full reindex(legacy)","status":"Creating batch table `sales_data_exporter_order_statuses_index_batches`. Start position: ","elapsed":"825 ms","pid":"81116","caller":"bin\/magento setup:upgrade"} [] []
[2025-09-09T16:41:37.769034+00:00] main.INFO: {"feed":"salesOrderStatuses","operation":"full reindex(legacy)","status":"Batch table `sales_data_exporter_order_statuses_index_batches` created. Total Items: 12, batches: ~0","elapsed":"904 ms","pid":"81116","caller":"bin\/magento setup:upgrade"} [] []
[2025-09-09T16:41:37.769703+00:00] main.INFO: {"feed":"salesOrderStatuses","operation":"full reindex(legacy)","status":"start processing `12` items in `1` threads with `100` batch size","elapsed":"905 ms","pid":"81116","caller":"bin\/magento setup:upgrade"} [] []
[2025-09-09T16:41:37.799575+00:00] main.INFO: {"feed":"salesOrderStatuses","operation":"full reindex(legacy)","status":"Progress 1\/1, processed 12, synced 12","elapsed":"935 ms","pid":"81116","caller":"bin\/magento setup:upgrade"} [] []
[2025-09-09T16:41:37.807624+00:00] main.INFO: {"feed":"salesOrderStatuses","operation":"full reindex(legacy)","status":"Complete","elapsed":"943 ms","pid":"81116","caller":"bin\/magento setup:upgrade"} [] []
[2025-09-09T16:41:37.858961+00:00] main.INFO: {"feed":"stores","operation":"full reindex(legacy)","status":"Initialize","elapsed":"00:00:00 326 ms","pid":"81116","caller":"bin\/magento setup:upgrade"} [] []
[2025-09-09T16:41:38.044888+00:00] main.INFO: {"feed":"stores","operation":"full reindex(legacy)","status":"Creating batch table `stores_data_exporter_index_batches`. Start position: 0","elapsed":"00:00:00 512 ms","pid":"81116","caller":"bin\/magento setup:upgrade"} [] []
[2025-09-09T16:41:38.153464+00:00] main.INFO: {"feed":"stores","operation":"full reindex(legacy)","status":"Batch table `stores_data_exporter_index_batches` created. Total Items: 1, batches: ~0","elapsed":"00:00:00 620 ms","pid":"81116","caller":"bin\/magento setup:upgrade"} [] []
[2025-09-09T16:41:38.154049+00:00] main.INFO: {"feed":"stores","operation":"full reindex(legacy)","status":"start processing `1` items in `1` threads with `100` batch size","elapsed":"00:00:00 621 ms","pid":"81116","caller":"bin\/magento setup:upgrade"} [] []
[2025-09-09T16:41:38.173596+00:00] main.INFO: {"feed":"stores","operation":"full reindex(legacy)","status":"Progress 1\/1, processed 1, synced 1","elapsed":"00:00:00 640 ms","pid":"81116","caller":"bin\/magento setup:upgrade"} [] []
[2025-09-09T16:41:38.178719+00:00] main.INFO: {"feed":"stores","operation":"full reindex(legacy)","status":"Complete","elapsed":"00:00:00 645 ms","pid":"81116","caller":"bin\/magento setup:upgrade"} [] []
[2025-09-10T16:52:12.180430+00:00] main.INFO: {"feed":"salesOrders","operation":"full reindex(legacy)","status":"Initialize","elapsed":"00:00:00 508 ms","pid":"21311","caller":"bin\/magento setup:upgrade"} [] []
[2025-09-10T16:52:12.277867+00:00] main.INFO: {"feed":"salesOrders","operation":"full reindex(legacy)","status":"Creating batch table `sales_data_exporter_orders_index_batches`. Start position: 0","elapsed":"00:00:00 605 ms","pid":"21311","caller":"bin\/magento setup:upgrade"} [] []
[2025-09-10T16:52:12.334452+00:00] main.INFO: {"feed":"salesOrders","operation":"full reindex(legacy)","status":"Batch table `sales_data_exporter_orders_index_batches` created. Total Items: 2, batches: ~0","elapsed":"00:00:00 662 ms","pid":"21311","caller":"bin\/magento setup:upgrade"} [] []
[2025-09-10T16:52:12.334908+00:00] main.INFO: {"feed":"salesOrders","operation":"full reindex(legacy)","status":"start processing `2` items in `1` threads with `100` batch size","elapsed":"00:00:00 662 ms","pid":"21311","caller":"bin\/magento setup:upgrade"} [] []
[2025-09-10T16:52:12.384562+00:00] main.INFO: {"feed":"salesOrders","operation":"full reindex(legacy)","status":"Progress 1\/1, processed 2, synced 0","elapsed":"00:00:00 712 ms","pid":"21311","caller":"bin\/magento setup:upgrade"} [] []
[2025-09-10T16:52:12.391247+00:00] main.INFO: {"feed":"salesOrders","operation":"full reindex(legacy)","status":"Complete","elapsed":"00:00:00 719 ms","pid":"21311","caller":"bin\/magento setup:upgrade"} [] []
[2025-09-10T16:52:12.426997+00:00] main.INFO: {"feed":"salesOrderStatuses","operation":"full reindex(legacy)","status":"Initialize","elapsed":"3 ms","pid":"21311","caller":"bin\/magento setup:upgrade"} [] []
[2025-09-10T16:52:12.515316+00:00] main.INFO: {"feed":"salesOrderStatuses","operation":"full reindex(legacy)","status":"Creating batch table `sales_data_exporter_order_statuses_index_batches`. Start position: ","elapsed":"92 ms","pid":"21311","caller":"bin\/magento setup:upgrade"} [] []
[2025-09-10T16:52:12.566255+00:00] main.INFO: {"feed":"salesOrderStatuses","operation":"full reindex(legacy)","status":"Batch table `sales_data_exporter_order_statuses_index_batches` created. Total Items: 12, batches: ~0","elapsed":"143 ms","pid":"21311","caller":"bin\/magento setup:upgrade"} [] []
[2025-09-10T16:52:12.566769+00:00] main.INFO: {"feed":"salesOrderStatuses","operation":"full reindex(legacy)","status":"start processing `12` items in `1` threads with `100` batch size","elapsed":"143 ms","pid":"21311","caller":"bin\/magento setup:upgrade"} [] []
[2025-09-10T16:52:12.581909+00:00] main.INFO: {"feed":"salesOrderStatuses","operation":"full reindex(legacy)","status":"Progress 1\/1, processed 12, synced 12","elapsed":"158 ms","pid":"21311","caller":"bin\/magento setup:upgrade"} [] []
[2025-09-10T16:52:12.587046+00:00] main.INFO: {"feed":"salesOrderStatuses","operation":"full reindex(legacy)","status":"Complete","elapsed":"163 ms","pid":"21311","caller":"bin\/magento setup:upgrade"} [] []
[2025-09-10T16:52:12.613834+00:00] main.INFO: {"feed":"stores","operation":"full reindex(legacy)","status":"Initialize","elapsed":"377 ms","pid":"21311","caller":"bin\/magento setup:upgrade"} [] []
[2025-09-10T16:52:12.705500+00:00] main.INFO: {"feed":"stores","operation":"full reindex(legacy)","status":"Creating batch table `stores_data_exporter_index_batches`. Start position: 0","elapsed":"469 ms","pid":"21311","caller":"bin\/magento setup:upgrade"} [] []
[2025-09-10T16:52:12.764545+00:00] main.INFO: {"feed":"stores","operation":"full reindex(legacy)","status":"Batch table `stores_data_exporter_index_batches` created. Total Items: 1, batches: ~0","elapsed":"528 ms","pid":"21311","caller":"bin\/magento setup:upgrade"} [] []
[2025-09-10T16:52:12.765021+00:00] main.INFO: {"feed":"stores","operation":"full reindex(legacy)","status":"start processing `1` items in `1` threads with `100` batch size","elapsed":"528 ms","pid":"21311","caller":"bin\/magento setup:upgrade"} [] []
[2025-09-10T16:52:12.784692+00:00] main.INFO: {"feed":"stores","operation":"full reindex(legacy)","status":"Progress 1\/1, processed 1, synced 1","elapsed":"548 ms","pid":"21311","caller":"bin\/magento setup:upgrade"} [] []
[2025-09-10T16:52:12.791878+00:00] main.INFO: {"feed":"stores","operation":"full reindex(legacy)","status":"Complete","elapsed":"555 ms","pid":"21311","caller":"bin\/magento setup:upgrade"} [] []
[2025-09-10T18:03:51.191590+00:00] main.INFO: {"feed":"salesOrders","operation":"full reindex(legacy)","status":"Initialize","elapsed":"00:00:00 632 ms","pid":"31531","caller":"bin\/magento setup:upgrade"} [] []
[2025-09-10T18:03:51.378398+00:00] main.INFO: {"feed":"salesOrders","operation":"full reindex(legacy)","status":"Creating batch table `sales_data_exporter_orders_index_batches`. Start position: 0","elapsed":"00:00:01 818 ms","pid":"31531","caller":"bin\/magento setup:upgrade"} [] []
[2025-09-10T18:03:51.465630+00:00] main.INFO: {"feed":"salesOrders","operation":"full reindex(legacy)","status":"Batch table `sales_data_exporter_orders_index_batches` created. Total Items: 2, batches: ~0","elapsed":"00:00:01 906 ms","pid":"31531","caller":"bin\/magento setup:upgrade"} [] []
[2025-09-10T18:03:51.466078+00:00] main.INFO: {"feed":"salesOrders","operation":"full reindex(legacy)","status":"start processing `2` items in `1` threads with `100` batch size","elapsed":"00:00:01 906 ms","pid":"31531","caller":"bin\/magento setup:upgrade"} [] []
[2025-09-10T18:03:51.524506+00:00] main.INFO: {"feed":"salesOrders","operation":"full reindex(legacy)","status":"Progress 1\/1, processed 2, synced 0","elapsed":"00:00:01 965 ms","pid":"31531","caller":"bin\/magento setup:upgrade"} [] []
[2025-09-10T18:03:51.531161+00:00] main.INFO: {"feed":"salesOrders","operation":"full reindex(legacy)","status":"Complete","elapsed":"00:00:01 971 ms","pid":"31531","caller":"bin\/magento setup:upgrade"} [] []
[2025-09-10T18:03:51.566587+00:00] main.INFO: {"feed":"salesOrderStatuses","operation":"full reindex(legacy)","status":"Initialize","elapsed":"384 ms","pid":"31531","caller":"bin\/magento setup:upgrade"} [] []
[2025-09-10T18:03:51.671243+00:00] main.INFO: {"feed":"salesOrderStatuses","operation":"full reindex(legacy)","status":"Creating batch table `sales_data_exporter_order_statuses_index_batches`. Start position: ","elapsed":"489 ms","pid":"31531","caller":"bin\/magento setup:upgrade"} [] []
[2025-09-10T18:03:51.734037+00:00] main.INFO: {"feed":"salesOrderStatuses","operation":"full reindex(legacy)","status":"Batch table `sales_data_exporter_order_statuses_index_batches` created. Total Items: 12, batches: ~0","elapsed":"552 ms","pid":"31531","caller":"bin\/magento setup:upgrade"} [] []
[2025-09-10T18:03:51.734513+00:00] main.INFO: {"feed":"salesOrderStatuses","operation":"full reindex(legacy)","status":"start processing `12` items in `1` threads with `100` batch size","elapsed":"552 ms","pid":"31531","caller":"bin\/magento setup:upgrade"} [] []
[2025-09-10T18:03:51.754727+00:00] main.INFO: {"feed":"salesOrderStatuses","operation":"full reindex(legacy)","status":"Progress 1\/1, processed 12, synced 12","elapsed":"573 ms","pid":"31531","caller":"bin\/magento setup:upgrade"} [] []
[2025-09-10T18:03:51.760237+00:00] main.INFO: {"feed":"salesOrderStatuses","operation":"full reindex(legacy)","status":"Complete","elapsed":"578 ms","pid":"31531","caller":"bin\/magento setup:upgrade"} [] []
[2025-09-10T18:03:51.800086+00:00] main.INFO: {"feed":"stores","operation":"full reindex(legacy)","status":"Initialize","elapsed":"851 ms","pid":"31531","caller":"bin\/magento setup:upgrade"} [] []
[2025-09-10T18:03:51.979583+00:00] main.INFO: {"feed":"stores","operation":"full reindex(legacy)","status":"Creating batch table `stores_data_exporter_index_batches`. Start position: 0","elapsed":"00:00:00 31 ms","pid":"31531","caller":"bin\/magento setup:upgrade"} [] []
[2025-09-10T18:03:52.044883+00:00] main.INFO: {"feed":"stores","operation":"full reindex(legacy)","status":"Batch table `stores_data_exporter_index_batches` created. Total Items: 1, batches: ~0","elapsed":"00:00:00 96 ms","pid":"31531","caller":"bin\/magento setup:upgrade"} [] []
[2025-09-10T18:03:52.045337+00:00] main.INFO: {"feed":"stores","operation":"full reindex(legacy)","status":"start processing `1` items in `1` threads with `100` batch size","elapsed":"00:00:00 97 ms","pid":"31531","caller":"bin\/magento setup:upgrade"} [] []
[2025-09-10T18:03:52.065836+00:00] main.INFO: {"feed":"stores","operation":"full reindex(legacy)","status":"Progress 1\/1, processed 1, synced 1","elapsed":"00:00:00 117 ms","pid":"31531","caller":"bin\/magento setup:upgrade"} [] []
[2025-09-10T18:03:52.071264+00:00] main.INFO: {"feed":"stores","operation":"full reindex(legacy)","status":"Complete","elapsed":"00:00:00 123 ms","pid":"31531","caller":"bin\/magento setup:upgrade"} [] []
[2025-09-11T15:44:38.890053+00:00] main.INFO: {"feed":"salesOrders","operation":"full reindex(legacy)","status":"Initialize","elapsed":"00:00:00 78 ms","pid":"15371","caller":"bin\/magento setup:upgrade"} [] []
[2025-09-11T15:44:39.045220+00:00] main.INFO: {"feed":"salesOrders","operation":"full reindex(legacy)","status":"Creating batch table `sales_data_exporter_orders_index_batches`. Start position: 0","elapsed":"00:00:00 234 ms","pid":"15371","caller":"bin\/magento setup:upgrade"} [] []
[2025-09-11T15:44:39.129239+00:00] main.INFO: {"feed":"salesOrders","operation":"full reindex(legacy)","status":"Batch table `sales_data_exporter_orders_index_batches` created. Total Items: 2, batches: ~0","elapsed":"00:00:00 318 ms","pid":"15371","caller":"bin\/magento setup:upgrade"} [] []
[2025-09-11T15:44:39.129651+00:00] main.INFO: {"feed":"salesOrders","operation":"full reindex(legacy)","status":"start processing `2` items in `1` threads with `100` batch size","elapsed":"00:00:00 318 ms","pid":"15371","caller":"bin\/magento setup:upgrade"} [] []
[2025-09-11T15:44:39.187981+00:00] main.INFO: {"feed":"salesOrders","operation":"full reindex(legacy)","status":"Progress 1\/1, processed 2, synced 0","elapsed":"00:00:00 376 ms","pid":"15371","caller":"bin\/magento setup:upgrade"} [] []
[2025-09-11T15:44:39.198926+00:00] main.INFO: {"feed":"salesOrders","operation":"full reindex(legacy)","status":"Complete","elapsed":"00:00:00 387 ms","pid":"15371","caller":"bin\/magento setup:upgrade"} [] []
[2025-09-11T15:44:39.265480+00:00] main.INFO: {"feed":"salesOrderStatuses","operation":"full reindex(legacy)","status":"Initialize","elapsed":"00:00:00 831 ms","pid":"15371","caller":"bin\/magento setup:upgrade"} [] []
[2025-09-11T15:44:39.443338+00:00] main.INFO: {"feed":"salesOrderStatuses","operation":"full reindex(legacy)","status":"Creating batch table `sales_data_exporter_order_statuses_index_batches`. Start position: ","elapsed":"00:00:01 9 ms","pid":"15371","caller":"bin\/magento setup:upgrade"} [] []
[2025-09-11T15:44:39.543314+00:00] main.INFO: {"feed":"salesOrderStatuses","operation":"full reindex(legacy)","status":"Batch table `sales_data_exporter_order_statuses_index_batches` created. Total Items: 12, batches: ~0","elapsed":"00:00:01 109 ms","pid":"15371","caller":"bin\/magento setup:upgrade"} [] []
[2025-09-11T15:44:39.543877+00:00] main.INFO: {"feed":"salesOrderStatuses","operation":"full reindex(legacy)","status":"start processing `12` items in `1` threads with `100` batch size","elapsed":"00:00:01 109 ms","pid":"15371","caller":"bin\/magento setup:upgrade"} [] []
[2025-09-11T15:44:39.567666+00:00] main.INFO: {"feed":"salesOrderStatuses","operation":"full reindex(legacy)","status":"Progress 1\/1, processed 12, synced 12","elapsed":"00:00:01 133 ms","pid":"15371","caller":"bin\/magento setup:upgrade"} [] []
[2025-09-11T15:44:39.574131+00:00] main.INFO: {"feed":"salesOrderStatuses","operation":"full reindex(legacy)","status":"Complete","elapsed":"00:00:01 140 ms","pid":"15371","caller":"bin\/magento setup:upgrade"} [] []
[2025-09-11T15:44:39.611371+00:00] main.INFO: {"feed":"stores","operation":"full reindex(legacy)","status":"Initialize","elapsed":"523 ms","pid":"15371","caller":"bin\/magento setup:upgrade"} [] []
[2025-09-11T15:44:39.751289+00:00] main.INFO: {"feed":"stores","operation":"full reindex(legacy)","status":"Creating batch table `stores_data_exporter_index_batches`. Start position: 0","elapsed":"663 ms","pid":"15371","caller":"bin\/magento setup:upgrade"} [] []
[2025-09-11T15:44:39.828750+00:00] main.INFO: {"feed":"stores","operation":"full reindex(legacy)","status":"Batch table `stores_data_exporter_index_batches` created. Total Items: 1, batches: ~0","elapsed":"740 ms","pid":"15371","caller":"bin\/magento setup:upgrade"} [] []
[2025-09-11T15:44:39.829641+00:00] main.INFO: {"feed":"stores","operation":"full reindex(legacy)","status":"start processing `1` items in `1` threads with `100` batch size","elapsed":"741 ms","pid":"15371","caller":"bin\/magento setup:upgrade"} [] []
[2025-09-11T15:44:39.848463+00:00] main.INFO: {"feed":"stores","operation":"full reindex(legacy)","status":"Progress 1\/1, processed 1, synced 1","elapsed":"760 ms","pid":"15371","caller":"bin\/magento setup:upgrade"} [] []
[2025-09-11T15:44:39.853443+00:00] main.INFO: {"feed":"stores","operation":"full reindex(legacy)","status":"Complete","elapsed":"765 ms","pid":"15371","caller":"bin\/magento setup:upgrade"} [] []
[2025-09-15T15:28:38.637195+00:00] main.INFO: {"feed":"salesOrders","operation":"full reindex(legacy)","status":"Initialize","elapsed":"00:00:00 257 ms","pid":"2292","caller":"bin\/magento indexer:reindex"} [] []
[2025-09-15T15:28:38.778096+00:00] main.INFO: {"feed":"salesOrders","operation":"full reindex(legacy)","status":"Creating batch table `sales_data_exporter_orders_index_batches`. Start position: 0","elapsed":"00:00:00 398 ms","pid":"2292","caller":"bin\/magento indexer:reindex"} [] []
[2025-09-15T15:28:38.861829+00:00] main.INFO: {"feed":"salesOrders","operation":"full reindex(legacy)","status":"Batch table `sales_data_exporter_orders_index_batches` created. Total Items: 2, batches: ~0","elapsed":"00:00:00 481 ms","pid":"2292","caller":"bin\/magento indexer:reindex"} [] []
[2025-09-15T15:28:38.862321+00:00] main.INFO: {"feed":"salesOrders","operation":"full reindex(legacy)","status":"start processing `2` items in `1` threads with `100` batch size","elapsed":"00:00:00 482 ms","pid":"2292","caller":"bin\/magento indexer:reindex"} [] []
[2025-09-15T15:28:38.936916+00:00] main.INFO: {"feed":"salesOrders","operation":"full reindex(legacy)","status":"Progress 1\/1, processed 2, synced 0","elapsed":"00:00:00 556 ms","pid":"2292","caller":"bin\/magento indexer:reindex"} [] []
[2025-09-15T15:28:38.946824+00:00] main.INFO: {"feed":"salesOrders","operation":"full reindex(legacy)","status":"Complete","elapsed":"00:00:00 566 ms","pid":"2292","caller":"bin\/magento indexer:reindex"} [] []
[2025-09-15T15:28:39.042202+00:00] main.INFO: {"feed":"salesOrderStatuses","operation":"full reindex(legacy)","status":"Initialize","elapsed":"67 ms","pid":"2292","caller":"bin\/magento indexer:reindex"} [] []
[2025-09-15T15:28:39.197800+00:00] main.INFO: {"feed":"salesOrderStatuses","operation":"full reindex(legacy)","status":"Creating batch table `sales_data_exporter_order_statuses_index_batches`. Start position: ","elapsed":"223 ms","pid":"2292","caller":"bin\/magento indexer:reindex"} [] []
[2025-09-15T15:28:39.277421+00:00] main.INFO: {"feed":"salesOrderStatuses","operation":"full reindex(legacy)","status":"Batch table `sales_data_exporter_order_statuses_index_batches` created. Total Items: 12, batches: ~0","elapsed":"302 ms","pid":"2292","caller":"bin\/magento indexer:reindex"} [] []
[2025-09-15T15:28:39.277821+00:00] main.INFO: {"feed":"salesOrderStatuses","operation":"full reindex(legacy)","status":"start processing `12` items in `1` threads with `100` batch size","elapsed":"303 ms","pid":"2292","caller":"bin\/magento indexer:reindex"} [] []
[2025-09-15T15:28:39.301133+00:00] main.INFO: {"feed":"salesOrderStatuses","operation":"full reindex(legacy)","status":"Progress 1\/1, processed 12, synced 12","elapsed":"326 ms","pid":"2292","caller":"bin\/magento indexer:reindex"} [] []
[2025-09-15T15:28:39.310100+00:00] main.INFO: {"feed":"salesOrderStatuses","operation":"full reindex(legacy)","status":"Complete","elapsed":"335 ms","pid":"2292","caller":"bin\/magento indexer:reindex"} [] []
[2025-09-15T15:28:39.356799+00:00] main.INFO: {"feed":"stores","operation":"full reindex(legacy)","status":"Initialize","elapsed":"696 ms","pid":"2292","caller":"bin\/magento indexer:reindex"} [] []
[2025-09-15T15:28:39.502798+00:00] main.INFO: {"feed":"stores","operation":"full reindex(legacy)","status":"Creating batch table `stores_data_exporter_index_batches`. Start position: 0","elapsed":"842 ms","pid":"2292","caller":"bin\/magento indexer:reindex"} [] []
[2025-09-15T15:28:39.587553+00:00] main.INFO: {"feed":"stores","operation":"full reindex(legacy)","status":"Batch table `stores_data_exporter_index_batches` created. Total Items: 3, batches: ~0","elapsed":"927 ms","pid":"2292","caller":"bin\/magento indexer:reindex"} [] []
[2025-09-15T15:28:39.587991+00:00] main.INFO: {"feed":"stores","operation":"full reindex(legacy)","status":"start processing `3` items in `1` threads with `100` batch size","elapsed":"928 ms","pid":"2292","caller":"bin\/magento indexer:reindex"} [] []
[2025-09-15T15:28:39.613208+00:00] main.INFO: {"feed":"stores","operation":"full reindex(legacy)","status":"Progress 1\/1, processed 3, synced 3","elapsed":"953 ms","pid":"2292","caller":"bin\/magento indexer:reindex"} [] []
[2025-09-15T15:28:39.621095+00:00] main.INFO: {"feed":"stores","operation":"full reindex(legacy)","status":"Complete","elapsed":"961 ms","pid":"2292","caller":"bin\/magento indexer:reindex"} [] []
