[2025-11-05T16:52:41.103073+00:00] main.INFO: Broken reference: the 'notification.messages' tries to reorder itself towards 'user', but their parents are different: 'header.inner.right' and 'header' respectively. [] []
[2025-11-05T16:56:56.673452+00:00] main.INFO: Broken reference: the 'notification.messages' tries to reorder itself towards 'user', but their parents are different: 'header.inner.right' and 'header' respectively. [] []
[2025-11-05T16:56:56.844317+00:00] main.INFO: Item Magento_Backend::system_currency was removed [] []
[2025-11-05T16:56:56.905124+00:00] main.INFO: Add of item with id Magento_Config::system_config was processed [] []
[2025-11-05T16:56:56.906498+00:00] main.INFO: Add of item with id Magento_AdminNotification::system_adminnotification was processed [] []
[2025-11-05T16:56:56.907993+00:00] main.INFO: Add of item with id Magento_Theme::design_config was processed [] []
[2025-11-05T16:56:56.909181+00:00] main.INFO: Add of item with id Magento_Theme::system_design_theme was processed [] []
[2025-11-05T16:56:56.910697+00:00] main.INFO: Add of item with id Magento_Backend::system_design_schedule was processed [] []
[2025-11-05T16:56:56.911317+00:00] main.INFO: Add of item with id Magento_Backend::system_store was processed [] []
[2025-11-05T16:56:56.911835+00:00] main.INFO: Add of item with id Magento_Backend::dashboard was processed [] []
[2025-11-05T16:56:56.912332+00:00] main.INFO: Add of item with id Magento_Backend::system was processed [] []
[2025-11-05T16:56:56.912975+00:00] main.INFO: Add of item with id Magento_Backend::system_tools was processed [] []
[2025-11-05T16:56:56.913409+00:00] main.INFO: Add of item with id Magento_Backend::system_design was processed [] []
[2025-11-05T16:56:56.914244+00:00] main.INFO: Add of item with id Magento_Backend::system_convert was processed [] []
[2025-11-05T16:56:56.915756+00:00] main.INFO: Add of item with id Magento_Backend::system_cache was processed [] []
[2025-11-05T16:56:56.916637+00:00] main.INFO: Add of item with id Magento_Backend::marketing was processed [] []
[2025-11-05T16:56:56.917541+00:00] main.INFO: Add of item with id Magento_Backend::marketing_communications was processed [] []
[2025-11-05T16:56:56.918040+00:00] main.INFO: Add of item with id Magento_Backend::marketing_seo was processed [] []
[2025-11-05T16:56:56.918429+00:00] main.INFO: Add of item with id Magento_Backend::marketing_user_content was processed [] []
[2025-11-05T16:56:56.919045+00:00] main.INFO: Add of item with id Magento_Backend::content was processed [] []
[2025-11-05T16:56:56.919876+00:00] main.INFO: Add of item with id Magento_Backend::content_elements was processed [] []
[2025-11-05T16:56:56.920596+00:00] main.INFO: Add of item with id Magento_Backend::stores was processed [] []
[2025-11-05T16:56:56.924134+00:00] main.INFO: Add of item with id Magento_Backend::stores_settings was processed [] []
[2025-11-05T16:56:56.925317+00:00] main.INFO: Add of item with id Magento_Backend::stores_attributes was processed [] []
[2025-11-05T16:56:56.926698+00:00] main.INFO: Add of item with id Magento_Backend::other_settings was processed [] []
[2025-11-05T16:56:56.927700+00:00] main.INFO: Add of item with id Magento_Backend::system_other_settings was processed [] []
[2025-11-05T16:56:56.928740+00:00] main.INFO: Add of item with id Magento_User::system_acl was processed [] []
[2025-11-05T16:56:56.929850+00:00] main.INFO: Add of item with id Magento_User::system_acl_users was processed [] []
[2025-11-05T16:56:56.930534+00:00] main.INFO: Add of item with id Magento_User::system_acl_roles was processed [] []
[2025-11-05T16:56:56.931686+00:00] main.INFO: Add of item with id Magento_User::system_acl_locks was processed [] []
[2025-11-05T16:56:56.932537+00:00] main.INFO: Add of item with id Magento_Customer::customer was processed [] []
[2025-11-05T16:56:56.933478+00:00] main.INFO: Add of item with id Magento_Customer::customer_manage was processed [] []
[2025-11-05T16:56:56.933905+00:00] main.INFO: Add of item with id Magento_Customer::customer_online was processed [] []
[2025-11-05T16:56:56.934263+00:00] main.INFO: Add of item with id Magento_Customer::customer_group was processed [] []
[2025-11-05T16:56:56.934658+00:00] main.INFO: Add of item with id Magento_Backup::system_tools_backup was processed [] []
[2025-11-05T16:56:56.935087+00:00] main.INFO: Add of item with id Magento_Indexer::system_index was processed [] []
[2025-11-05T16:56:56.935579+00:00] main.INFO: Add of item with id Magento_Variable::system_variable was processed [] []
[2025-11-05T16:56:56.936344+00:00] main.INFO: Add of item with id Magento_Cms::cms_page was processed [] []
[2025-11-05T16:56:56.936933+00:00] main.INFO: Add of item with id Magento_Cms::cms_block was processed [] []
[2025-11-05T16:56:56.937505+00:00] main.INFO: Add of item with id Magento_Search::search_terms was processed [] []
[2025-11-05T16:56:56.939789+00:00] main.INFO: Add of item with id Magento_Search::search_synonyms was processed [] []
[2025-11-05T16:56:56.941133+00:00] main.INFO: Add of item with id Magento_Catalog::catalog was processed [] []
[2025-11-05T16:56:56.942630+00:00] main.INFO: Add of item with id Magento_Catalog::catalog_products was processed [] []
[2025-11-05T16:56:56.943631+00:00] main.INFO: Add of item with id Magento_Catalog::catalog_categories was processed [] []
[2025-11-05T16:56:56.945126+00:00] main.INFO: Add of item with id Magento_Catalog::catalog_attributes_attributes was processed [] []
[2025-11-05T16:56:56.946034+00:00] main.INFO: Add of item with id Magento_Catalog::catalog_attributes_sets was processed [] []
[2025-11-05T16:56:56.947105+00:00] main.INFO: Add of item with id Magento_Catalog::inventory was processed [] []
[2025-11-05T16:56:56.948052+00:00] main.INFO: Add of item with id Magento_CatalogRule::promo was processed [] []
[2025-11-05T16:56:56.949008+00:00] main.INFO: Add of item with id Magento_CatalogRule::promo_catalog was processed [] []
[2025-11-05T16:56:56.949781+00:00] main.INFO: Add of item with id Magento_MediaGalleryUi::media was processed [] []
[2025-11-05T16:56:56.950741+00:00] main.INFO: Add of item with id Magento_MediaGalleryUi::media_gallery was processed [] []
[2025-11-05T16:56:56.951542+00:00] main.INFO: Add of item with id Magento_Integration::system_extensions was processed [] []
[2025-11-05T16:56:56.952463+00:00] main.INFO: Add of item with id Magento_Integration::system_integrations was processed [] []
[2025-11-05T16:56:56.953226+00:00] main.INFO: Add of item with id Magento_Sales::sales was processed [] []
[2025-11-05T16:56:56.954232+00:00] main.INFO: Add of item with id Magento_Sales::sales_operation was processed [] []
[2025-11-05T16:56:56.957037+00:00] main.INFO: Add of item with id Magento_Sales::sales_order was processed [] []
[2025-11-05T16:56:56.958511+00:00] main.INFO: Add of item with id Magento_Sales::sales_invoice was processed [] []
[2025-11-05T16:56:56.959850+00:00] main.INFO: Add of item with id Magento_Sales::sales_shipment was processed [] []
[2025-11-05T16:56:56.961288+00:00] main.INFO: Add of item with id Magento_Sales::sales_creditmemo was processed [] []
[2025-11-05T16:56:56.962168+00:00] main.INFO: Add of item with id Magento_Sales::sales_transactions was processed [] []
[2025-11-05T16:56:56.963202+00:00] main.INFO: Add of item with id Magento_Sales::system_order_statuses was processed [] []
[2025-11-05T16:56:56.964641+00:00] main.INFO: Add of item with id Magento_Widget::cms_widget_instance was processed [] []
[2025-11-05T16:56:56.965731+00:00] main.INFO: Add of item with id Magento_Analytics::business_intelligence was processed [] []
[2025-11-05T16:56:56.966632+00:00] main.INFO: Add of item with id Magento_Analytics::advanced_reporting was processed [] []
[2025-11-05T16:56:56.967310+00:00] main.INFO: Add of item with id Magento_Analytics::bi_essentials was processed [] []
[2025-11-05T16:56:56.968072+00:00] main.INFO: Add of item with id Magento_Downloadable::report_products_downloads was processed [] []
[2025-11-05T16:56:56.968631+00:00] main.INFO: Add of item with id Magento_ImportExport::system_convert_import was processed [] []
[2025-11-05T16:56:56.969116+00:00] main.INFO: Add of item with id Magento_ImportExport::system_convert_export was processed [] []
[2025-11-05T16:56:56.969682+00:00] main.INFO: Add of item with id Magento_ImportExport::system_convert_history was processed [] []
[2025-11-05T16:56:56.970264+00:00] main.INFO: Add of item with id Magento_Email::template was processed [] []
[2025-11-05T16:56:56.970869+00:00] main.INFO: Add of item with id Magento_EncryptionKey::system_crypt_key was processed [] []
[2025-11-05T16:56:56.971536+00:00] main.INFO: Add of item with id Magento_InventoryAdminUi::inventory was processed [] []
[2025-11-05T16:56:56.973045+00:00] main.INFO: Add of item with id Magento_InventoryAdminUi::source was processed [] []
[2025-11-05T16:56:56.974321+00:00] main.INFO: Add of item with id Magento_InventoryAdminUi::stock was processed [] []
[2025-11-05T16:56:56.975221+00:00] main.INFO: Add of item with id Magento_Reports::report was processed [] []
[2025-11-05T16:56:56.976433+00:00] main.INFO: Add of item with id Magento_Reports::report_marketing was processed [] []
[2025-11-05T16:56:56.977981+00:00] main.INFO: Add of item with id Magento_Reports::report_salesroot was processed [] []
[2025-11-05T16:56:56.980611+00:00] main.INFO: Add of item with id Magento_Reports::report_salesroot_sales was processed [] []
[2025-11-05T16:56:56.981523+00:00] main.INFO: Add of item with id Magento_Reports::report_salesroot_tax was processed [] []
[2025-11-05T16:56:56.982658+00:00] main.INFO: Add of item with id Magento_Reports::report_salesroot_invoiced was processed [] []
[2025-11-05T16:56:56.983382+00:00] main.INFO: Add of item with id Magento_Reports::report_salesroot_shipping was processed [] []
[2025-11-05T16:56:56.984146+00:00] main.INFO: Add of item with id Magento_Reports::report_salesroot_refunded was processed [] []
[2025-11-05T16:56:56.984921+00:00] main.INFO: Add of item with id Magento_Reports::report_salesroot_coupons was processed [] []
[2025-11-05T16:56:56.985901+00:00] main.INFO: Add of item with id Magento_Reports::report_shopcart_product was processed [] []
[2025-11-05T16:56:56.986696+00:00] main.INFO: Add of item with id Magento_Reports::report_shopcart_abandoned was processed [] []
[2025-11-05T16:56:56.987564+00:00] main.INFO: Add of item with id Magento_Reports::report_products was processed [] []
[2025-11-05T16:56:56.988277+00:00] main.INFO: Add of item with id Magento_Reports::report_products_bestsellers was processed [] []
[2025-11-05T16:56:56.988966+00:00] main.INFO: Add of item with id Magento_Reports::report_products_sold was processed [] []
[2025-11-05T16:56:56.989888+00:00] main.INFO: Add of item with id Magento_Reports::report_products_viewed was processed [] []
[2025-11-05T16:56:56.990915+00:00] main.INFO: Add of item with id Magento_Reports::report_products_lowstock was processed [] []
[2025-11-05T16:56:56.992056+00:00] main.INFO: Add of item with id Magento_Reports::report_customers was processed [] []
[2025-11-05T16:56:56.993873+00:00] main.INFO: Add of item with id Magento_Reports::report_customers_accounts was processed [] []
[2025-11-05T16:56:56.994990+00:00] main.INFO: Add of item with id Magento_Reports::report_customers_totals was processed [] []
[2025-11-05T16:56:56.996713+00:00] main.INFO: Add of item with id Magento_Reports::report_customers_orders was processed [] []
[2025-11-05T16:56:56.997900+00:00] main.INFO: Add of item with id Magento_Reports::report_statistics was processed [] []
[2025-11-05T16:56:57.000319+00:00] main.INFO: Add of item with id Magento_Reports::report_statistics_refresh was processed [] []
[2025-11-05T16:56:57.003429+00:00] main.INFO: Add of item with id Magento_Search::report_search_term was processed [] []
[2025-11-05T16:56:57.005146+00:00] main.INFO: Add of item with id Magento_LoginAsCustomerLog::login_log was processed [] []
[2025-11-05T16:56:57.008955+00:00] main.INFO: Add of item with id Magento_Marketplace::partners was processed [] []
[2025-11-05T16:56:57.010670+00:00] main.INFO: Add of item with id Magento_Newsletter::newsletter_template was processed [] []
[2025-11-05T16:56:57.011300+00:00] main.INFO: Add of item with id Magento_Newsletter::newsletter_queue was processed [] []
[2025-11-05T16:56:57.012756+00:00] main.INFO: Add of item with id Magento_Newsletter::newsletter_subscriber was processed [] []
[2025-11-05T16:56:57.014194+00:00] main.INFO: Add of item with id Magento_Newsletter::newsletter_problem was processed [] []
[2025-11-05T16:56:57.014872+00:00] main.INFO: Add of item with id Magento_SalesRule::promo_quote was processed [] []
[2025-11-05T16:56:57.015326+00:00] main.INFO: Add of item with id Magento_Sitemap::catalog_sitemap was processed [] []
[2025-11-05T16:56:57.015944+00:00] main.INFO: Add of item with id Magento_PageBuilder::templates was processed [] []
[2025-11-05T16:56:57.016642+00:00] main.INFO: Add of item with id Magento_Paypal::report_salesroot_paypal_settlement_reports was processed [] []
[2025-11-05T16:56:57.017164+00:00] main.INFO: Add of item with id Magento_Paypal::paypal_billing_agreement was processed [] []
[2025-11-05T16:56:57.017802+00:00] main.INFO: Add of item with id Magento_CheckoutAgreements::sales_checkoutagreement was processed [] []
[2025-11-05T16:56:57.018371+00:00] main.INFO: Add of item with id Magento_Review::catalog_reviews_ratings_ratings was processed [] []
[2025-11-05T16:56:57.019052+00:00] main.INFO: Add of item with id Magento_Review::catalog_reviews_ratings_pending was processed [] []
[2025-11-05T16:56:57.019522+00:00] main.INFO: Add of item with id Magento_Review::catalog_reviews_ratings_reviews_all was processed [] []
[2025-11-05T16:56:57.020048+00:00] main.INFO: Add of item with id Magento_Review::report_review was processed [] []
[2025-11-05T16:56:57.020759+00:00] main.INFO: Add of item with id Magento_Review::report_review_customer was processed [] []
[2025-11-05T16:56:57.021425+00:00] main.INFO: Add of item with id Magento_Review::report_review_product was processed [] []
[2025-11-05T16:56:57.022027+00:00] main.INFO: Add of item with id Magento_UrlRewrite::urlrewrite was processed [] []
[2025-11-05T16:56:57.022498+00:00] main.INFO: Add of item with id Magento_Tax::sales_tax was processed [] []
[2025-11-05T16:56:57.023069+00:00] main.INFO: Add of item with id Magento_Tax::sales_tax_rules was processed [] []
[2025-11-05T16:56:57.023638+00:00] main.INFO: Add of item with id Magento_Tax::sales_tax_rates was processed [] []
[2025-11-05T16:56:57.026149+00:00] main.INFO: Add of item with id Magento_TaxImportExport::system_convert_tax was processed [] []
[2025-11-05T16:56:57.027067+00:00] main.INFO: Add of item with id Magento_AsynchronousOperations::system_magento_logging was processed [] []
[2025-11-05T16:56:57.028008+00:00] main.INFO: Add of item with id Magento_AsynchronousOperations::system_magento_logging_bulk_operations was processed [] []
[2025-11-05T16:56:57.029300+00:00] main.INFO: Add of item with id Magento_CurrencySymbol::system_currency was processed [] []
[2025-11-05T16:56:57.031353+00:00] main.INFO: Add of item with id Magento_CurrencySymbol::system_currency_rates was processed [] []
[2025-11-05T16:56:57.032072+00:00] main.INFO: Add of item with id Magento_CurrencySymbol::system_currency_symbols was processed [] []
[2025-11-05T16:56:57.032720+00:00] main.INFO: Add of item with id Nguyen_Student::main was processed [] []
[2025-11-05T16:56:57.033647+00:00] main.INFO: Add of item with id Nguyen_Student::students was processed [] []
[2025-11-05T16:56:57.034106+00:00] main.INFO: Add of item with id PayPal_Braintree::settlement_report was processed [] []
[2025-11-05T16:56:57.034602+00:00] main.INFO: Add of item with id PayPal_Braintree::virtual_terminal was processed [] []
[2025-11-05T16:57:06.405520+00:00] main.ERROR: Unable to resolve the source file for 'adminhtml/Magento/backend/en_US/Nguyen_Student/js/grid/columns/group.js' [] []
[2025-11-05T16:57:06.407835+00:00] main.CRITICAL: Unable to resolve the source file for 'adminhtml/Magento/backend/en_US/Nguyen_Student/js/grid/columns/group.js' [] []
[2025-11-05T17:09:42.636177+00:00] main.ERROR: Unable to resolve the source file for 'adminhtml/Magento/backend/en_US/moment.min.js.map' [] []
[2025-11-05T17:09:42.647894+00:00] main.CRITICAL: Unable to resolve the source file for 'adminhtml/Magento/backend/en_US/moment.min.js.map' [] []
[2025-11-05T17:09:53.639300+00:00] main.ERROR: Unable to resolve the source file for 'adminhtml/Magento/backend/en_US/moment.min.js.map' [] []
[2025-11-05T17:09:53.644035+00:00] main.CRITICAL: Unable to resolve the source file for 'adminhtml/Magento/backend/en_US/moment.min.js.map' [] []
[2025-11-05T17:26:55.266404+00:00] main.INFO: Broken reference: the 'tracking' element cannot be added as child to 'header', because the latter doesn't exist [] []
[2025-11-05T17:26:55.269504+00:00] main.INFO: Broken reference: the 'notification_area' element cannot be added as child to 'notifications', because the latter doesn't exist [] []
[2025-11-05T17:26:55.269914+00:00] main.INFO: Broken reference: the 'unread_system_messages' element cannot be added as child to 'notifications', because the latter doesn't exist [] []
[2025-11-05T17:26:55.270297+00:00] main.INFO: Broken reference: the 'notification_window' element cannot be added as child to 'notifications', because the latter doesn't exist [] []
[2025-11-05T17:26:55.270680+00:00] main.INFO: Broken reference: the 'notification.messages' element cannot be added as child to 'header', because the latter doesn't exist [] []
[2025-11-05T17:26:55.271115+00:00] main.INFO: Broken reference: the 'global_notices' element cannot be added as child to 'global.notices', because the latter doesn't exist [] []
[2025-11-05T17:26:55.271744+00:00] main.INFO: Broken reference: the 'logo' element cannot be added as child to 'header', because the latter doesn't exist [] []
[2025-11-05T17:26:55.273039+00:00] main.INFO: Broken reference: the 'global.search' element cannot be added as child to 'header', because the latter doesn't exist [] []
[2025-11-05T17:26:55.273512+00:00] main.INFO: Broken reference: the 'user' element cannot be added as child to 'header', because the latter doesn't exist [] []
[2025-11-05T17:26:55.273901+00:00] main.INFO: Broken reference: the 'menu' element cannot be added as child to 'page.menu', because the latter doesn't exist [] []
[2025-11-05T17:26:55.274588+00:00] main.INFO: Broken reference: the 'breadcrumbs' element cannot be added as child to 'page.breadcrumbs', because the latter doesn't exist [] []
[2025-11-05T17:26:55.275071+00:00] main.INFO: Broken reference: the 'formkey' element cannot be added as child to 'page.formkey', because the latter doesn't exist [] []
[2025-11-05T17:26:55.275538+00:00] main.INFO: Broken reference: the 'page.title' element cannot be added as child to 'main.top', because the latter doesn't exist [] []
[2025-11-05T17:26:55.276285+00:00] main.INFO: Broken reference: the 'messages' element cannot be added as child to 'page.messages', because the latter doesn't exist [] []
[2025-11-05T17:26:55.277012+00:00] main.INFO: Broken reference: the 'page.actions.toolbar' element cannot be added as child to 'page.main.actions', because the latter doesn't exist [] []
[2025-11-05T17:26:55.277668+00:00] main.INFO: Broken reference: the 'legal' element cannot be added as child to 'footer', because the latter doesn't exist [] []
[2025-11-05T17:26:55.278827+00:00] main.INFO: Broken reference: the 'header.inner.left' element cannot be added as child to 'header', because the latter doesn't exist [] []
[2025-11-05T17:26:55.279432+00:00] main.INFO: Broken reference: the 'header.inner.right' element cannot be added as child to 'header', because the latter doesn't exist [] []
[2025-11-05T17:26:55.280022+00:00] main.INFO: Broken reference: the 'user' tries to reorder itself towards '', but their parents are different: 'header' and '' respectively. [] []
[2025-11-05T17:26:55.280422+00:00] main.INFO: Broken reference: the 'notification.messages' tries to reorder itself towards 'user', but their parents are different: 'header' and '' respectively. [] []
[2025-11-05T17:26:55.280798+00:00] main.INFO: Broken reference: the 'logo' tries to reorder itself towards '', but their parents are different: 'header' and '' respectively. [] []
[2025-11-05T17:26:55.281169+00:00] main.INFO: Broken reference: the 'global.search' tries to reorder itself towards 'logo', but their parents are different: 'header' and '' respectively. [] []
[2025-11-05T17:26:55.281566+00:00] main.INFO: Broken reference: the 'page.actions.toolbar' tries to reorder itself towards '', but their parents are different: 'page.main.actions' and '' respectively. [] []
[2025-11-05T17:26:55.281961+00:00] main.INFO: Broken reference: the 'header.inner.left' tries to reorder itself towards '', but their parents are different: 'header' and '' respectively. [] []
[2025-11-05T17:26:55.282298+00:00] main.INFO: Broken reference: the 'header.inner.right' tries to reorder itself towards 'header.inner.left', but their parents are different: 'header' and '' respectively. [] []
[2025-11-05T17:26:55.282643+00:00] main.INFO: Broken reference: the 'notification.messages' tries to reorder itself towards 'user', but their parents are different: 'header.inner.right' and '' respectively. [] []
[2025-11-05T17:30:13.363926+00:00] main.INFO: Item Magento_Backend::system_currency was removed [] []
[2025-11-05T17:30:13.393604+00:00] main.INFO: Add of item with id Magento_Config::system_config was processed [] []
[2025-11-05T17:30:13.394154+00:00] main.INFO: Add of item with id Magento_AdminNotification::system_adminnotification was processed [] []
[2025-11-05T17:30:13.394562+00:00] main.INFO: Add of item with id Magento_Theme::design_config was processed [] []
[2025-11-05T17:30:13.394931+00:00] main.INFO: Add of item with id Magento_Theme::system_design_theme was processed [] []
[2025-11-05T17:30:13.395233+00:00] main.INFO: Add of item with id Magento_Backend::system_design_schedule was processed [] []
[2025-11-05T17:30:13.395513+00:00] main.INFO: Add of item with id Magento_Backend::system_store was processed [] []
[2025-11-05T17:30:13.395794+00:00] main.INFO: Add of item with id Magento_Backend::dashboard was processed [] []
[2025-11-05T17:30:13.396119+00:00] main.INFO: Add of item with id Magento_Backend::system was processed [] []
[2025-11-05T17:30:13.396588+00:00] main.INFO: Add of item with id Magento_Backend::system_tools was processed [] []
[2025-11-05T17:30:13.397143+00:00] main.INFO: Add of item with id Magento_Backend::system_design was processed [] []
[2025-11-05T17:30:13.397707+00:00] main.INFO: Add of item with id Magento_Backend::system_convert was processed [] []
[2025-11-05T17:30:13.398556+00:00] main.INFO: Add of item with id Magento_Backend::system_cache was processed [] []
[2025-11-05T17:30:13.399257+00:00] main.INFO: Add of item with id Magento_Backend::marketing was processed [] []
[2025-11-05T17:30:13.400147+00:00] main.INFO: Add of item with id Magento_Backend::marketing_communications was processed [] []
[2025-11-05T17:30:13.400728+00:00] main.INFO: Add of item with id Magento_Backend::marketing_seo was processed [] []
[2025-11-05T17:30:13.401268+00:00] main.INFO: Add of item with id Magento_Backend::marketing_user_content was processed [] []
[2025-11-05T17:30:13.401635+00:00] main.INFO: Add of item with id Magento_Backend::content was processed [] []
[2025-11-05T17:30:13.402061+00:00] main.INFO: Add of item with id Magento_Backend::content_elements was processed [] []
[2025-11-05T17:30:13.402613+00:00] main.INFO: Add of item with id Magento_Backend::stores was processed [] []
[2025-11-05T17:30:13.403381+00:00] main.INFO: Add of item with id Magento_Backend::stores_settings was processed [] []
[2025-11-05T17:30:13.403949+00:00] main.INFO: Add of item with id Magento_Backend::stores_attributes was processed [] []
[2025-11-05T17:30:13.404497+00:00] main.INFO: Add of item with id Magento_Backend::other_settings was processed [] []
[2025-11-05T17:30:13.405081+00:00] main.INFO: Add of item with id Magento_Backend::system_other_settings was processed [] []
[2025-11-05T17:30:13.405620+00:00] main.INFO: Add of item with id Magento_User::system_acl was processed [] []
[2025-11-05T17:30:13.406251+00:00] main.INFO: Add of item with id Magento_User::system_acl_users was processed [] []
[2025-11-05T17:30:13.406658+00:00] main.INFO: Add of item with id Magento_User::system_acl_roles was processed [] []
[2025-11-05T17:30:13.406996+00:00] main.INFO: Add of item with id Magento_User::system_acl_locks was processed [] []
[2025-11-05T17:30:13.407204+00:00] main.INFO: Add of item with id Magento_Customer::customer was processed [] []
[2025-11-05T17:30:13.407502+00:00] main.INFO: Add of item with id Magento_Customer::customer_manage was processed [] []
[2025-11-05T17:30:13.407877+00:00] main.INFO: Add of item with id Magento_Customer::customer_online was processed [] []
[2025-11-05T17:30:13.408216+00:00] main.INFO: Add of item with id Magento_Customer::customer_group was processed [] []
[2025-11-05T17:30:13.408577+00:00] main.INFO: Add of item with id Magento_Backup::system_tools_backup was processed [] []
[2025-11-05T17:30:13.408972+00:00] main.INFO: Add of item with id Magento_Indexer::system_index was processed [] []
[2025-11-05T17:30:13.409504+00:00] main.INFO: Add of item with id Magento_Variable::system_variable was processed [] []
[2025-11-05T17:30:13.410179+00:00] main.INFO: Add of item with id Magento_Cms::cms_page was processed [] []
[2025-11-05T17:30:13.410766+00:00] main.INFO: Add of item with id Magento_Cms::cms_block was processed [] []
[2025-11-05T17:30:13.411484+00:00] main.INFO: Add of item with id Magento_Search::search_terms was processed [] []
[2025-11-05T17:30:13.412093+00:00] main.INFO: Add of item with id Magento_Search::search_synonyms was processed [] []
[2025-11-05T17:30:13.412597+00:00] main.INFO: Add of item with id Magento_Catalog::catalog was processed [] []
[2025-11-05T17:30:13.413003+00:00] main.INFO: Add of item with id Magento_Catalog::catalog_products was processed [] []
[2025-11-05T17:30:13.413398+00:00] main.INFO: Add of item with id Magento_Catalog::catalog_categories was processed [] []
[2025-11-05T17:30:13.413873+00:00] main.INFO: Add of item with id Magento_Catalog::catalog_attributes_attributes was processed [] []
[2025-11-05T17:30:13.414282+00:00] main.INFO: Add of item with id Magento_Catalog::catalog_attributes_sets was processed [] []
[2025-11-05T17:30:13.415232+00:00] main.INFO: Add of item with id Magento_Catalog::inventory was processed [] []
[2025-11-05T17:30:13.415891+00:00] main.INFO: Add of item with id Magento_CatalogRule::promo was processed [] []
[2025-11-05T17:30:13.416707+00:00] main.INFO: Add of item with id Magento_CatalogRule::promo_catalog was processed [] []
[2025-11-05T17:30:13.417459+00:00] main.INFO: Add of item with id Magento_MediaGalleryUi::media was processed [] []
[2025-11-05T17:30:13.418340+00:00] main.INFO: Add of item with id Magento_MediaGalleryUi::media_gallery was processed [] []
[2025-11-05T17:30:13.418972+00:00] main.INFO: Add of item with id Magento_Integration::system_extensions was processed [] []
[2025-11-05T17:30:13.419754+00:00] main.INFO: Add of item with id Magento_Integration::system_integrations was processed [] []
[2025-11-05T17:30:13.420212+00:00] main.INFO: Add of item with id Magento_Sales::sales was processed [] []
[2025-11-05T17:30:13.420647+00:00] main.INFO: Add of item with id Magento_Sales::sales_operation was processed [] []
[2025-11-05T17:30:13.421059+00:00] main.INFO: Add of item with id Magento_Sales::sales_order was processed [] []
[2025-11-05T17:30:13.421433+00:00] main.INFO: Add of item with id Magento_Sales::sales_invoice was processed [] []
[2025-11-05T17:30:13.421805+00:00] main.INFO: Add of item with id Magento_Sales::sales_shipment was processed [] []
[2025-11-05T17:30:13.422395+00:00] main.INFO: Add of item with id Magento_Sales::sales_creditmemo was processed [] []
[2025-11-05T17:30:13.422754+00:00] main.INFO: Add of item with id Magento_Sales::sales_transactions was processed [] []
[2025-11-05T17:30:13.423212+00:00] main.INFO: Add of item with id Magento_Sales::system_order_statuses was processed [] []
[2025-11-05T17:30:13.423539+00:00] main.INFO: Add of item with id Magento_Widget::cms_widget_instance was processed [] []
[2025-11-05T17:30:13.424163+00:00] main.INFO: Add of item with id Magento_Analytics::business_intelligence was processed [] []
[2025-11-05T17:30:13.424706+00:00] main.INFO: Add of item with id Magento_Analytics::advanced_reporting was processed [] []
[2025-11-05T17:30:13.425139+00:00] main.INFO: Add of item with id Magento_Analytics::bi_essentials was processed [] []
[2025-11-05T17:30:13.425856+00:00] main.INFO: Add of item with id Magento_Downloadable::report_products_downloads was processed [] []
[2025-11-05T17:30:13.426745+00:00] main.INFO: Add of item with id Magento_ImportExport::system_convert_import was processed [] []
[2025-11-05T17:30:13.427394+00:00] main.INFO: Add of item with id Magento_ImportExport::system_convert_export was processed [] []
[2025-11-05T17:30:13.427738+00:00] main.INFO: Add of item with id Magento_ImportExport::system_convert_history was processed [] []
[2025-11-05T17:30:13.428224+00:00] main.INFO: Add of item with id Magento_Email::template was processed [] []
[2025-11-05T17:30:13.428468+00:00] main.INFO: Add of item with id Magento_EncryptionKey::system_crypt_key was processed [] []
[2025-11-05T17:30:13.428715+00:00] main.INFO: Add of item with id Magento_InventoryAdminUi::inventory was processed [] []
[2025-11-05T17:30:13.429031+00:00] main.INFO: Add of item with id Magento_InventoryAdminUi::source was processed [] []
[2025-11-05T17:30:13.429288+00:00] main.INFO: Add of item with id Magento_InventoryAdminUi::stock was processed [] []
[2025-11-05T17:30:13.429536+00:00] main.INFO: Add of item with id Magento_Reports::report was processed [] []
[2025-11-05T17:30:13.429780+00:00] main.INFO: Add of item with id Magento_Reports::report_marketing was processed [] []
[2025-11-05T17:30:13.430015+00:00] main.INFO: Add of item with id Magento_Reports::report_salesroot was processed [] []
[2025-11-05T17:30:13.430342+00:00] main.INFO: Add of item with id Magento_Reports::report_salesroot_sales was processed [] []
[2025-11-05T17:30:13.431872+00:00] main.INFO: Add of item with id Magento_Reports::report_salesroot_tax was processed [] []
[2025-11-05T17:30:13.432795+00:00] main.INFO: Add of item with id Magento_Reports::report_salesroot_invoiced was processed [] []
[2025-11-05T17:30:13.434461+00:00] main.INFO: Add of item with id Magento_Reports::report_salesroot_shipping was processed [] []
[2025-11-05T17:30:13.435229+00:00] main.INFO: Add of item with id Magento_Reports::report_salesroot_refunded was processed [] []
[2025-11-05T17:30:13.436032+00:00] main.INFO: Add of item with id Magento_Reports::report_salesroot_coupons was processed [] []
[2025-11-05T17:30:13.437467+00:00] main.INFO: Add of item with id Magento_Reports::report_shopcart_product was processed [] []
[2025-11-05T17:30:13.438153+00:00] main.INFO: Add of item with id Magento_Reports::report_shopcart_abandoned was processed [] []
[2025-11-05T17:30:13.438820+00:00] main.INFO: Add of item with id Magento_Reports::report_products was processed [] []
[2025-11-05T17:30:13.439472+00:00] main.INFO: Add of item with id Magento_Reports::report_products_bestsellers was processed [] []
[2025-11-05T17:30:13.440061+00:00] main.INFO: Add of item with id Magento_Reports::report_products_sold was processed [] []
[2025-11-05T17:30:13.440427+00:00] main.INFO: Add of item with id Magento_Reports::report_products_viewed was processed [] []
[2025-11-05T17:30:13.440767+00:00] main.INFO: Add of item with id Magento_Reports::report_products_lowstock was processed [] []
[2025-11-05T17:30:13.441090+00:00] main.INFO: Add of item with id Magento_Reports::report_customers was processed [] []
[2025-11-05T17:30:13.441638+00:00] main.INFO: Add of item with id Magento_Reports::report_customers_accounts was processed [] []
[2025-11-05T17:30:13.442000+00:00] main.INFO: Add of item with id Magento_Reports::report_customers_totals was processed [] []
[2025-11-05T17:30:13.442371+00:00] main.INFO: Add of item with id Magento_Reports::report_customers_orders was processed [] []
[2025-11-05T17:30:13.442703+00:00] main.INFO: Add of item with id Magento_Reports::report_statistics was processed [] []
[2025-11-05T17:30:13.443225+00:00] main.INFO: Add of item with id Magento_Reports::report_statistics_refresh was processed [] []
[2025-11-05T17:30:13.443964+00:00] main.INFO: Add of item with id Magento_Search::report_search_term was processed [] []
[2025-11-05T17:30:13.444442+00:00] main.INFO: Add of item with id Magento_LoginAsCustomerLog::login_log was processed [] []
[2025-11-05T17:30:13.444795+00:00] main.INFO: Add of item with id Magento_Marketplace::partners was processed [] []
[2025-11-05T17:30:13.445219+00:00] main.INFO: Add of item with id Magento_Newsletter::newsletter_template was processed [] []
[2025-11-05T17:30:13.445689+00:00] main.INFO: Add of item with id Magento_Newsletter::newsletter_queue was processed [] []
[2025-11-05T17:30:13.447314+00:00] main.INFO: Add of item with id Magento_Newsletter::newsletter_subscriber was processed [] []
[2025-11-05T17:30:13.448555+00:00] main.INFO: Add of item with id Magento_Newsletter::newsletter_problem was processed [] []
[2025-11-05T17:30:13.448997+00:00] main.INFO: Add of item with id Magento_SalesRule::promo_quote was processed [] []
[2025-11-05T17:30:13.449527+00:00] main.INFO: Add of item with id Magento_Sitemap::catalog_sitemap was processed [] []
[2025-11-05T17:30:13.450069+00:00] main.INFO: Add of item with id Magento_PageBuilder::templates was processed [] []
[2025-11-05T17:30:13.450522+00:00] main.INFO: Add of item with id Magento_Paypal::report_salesroot_paypal_settlement_reports was processed [] []
[2025-11-05T17:30:13.451345+00:00] main.INFO: Add of item with id Magento_Paypal::paypal_billing_agreement was processed [] []
[2025-11-05T17:30:13.452118+00:00] main.INFO: Add of item with id Magento_CheckoutAgreements::sales_checkoutagreement was processed [] []
[2025-11-05T17:30:13.453022+00:00] main.INFO: Add of item with id Magento_Review::catalog_reviews_ratings_ratings was processed [] []
[2025-11-05T17:30:13.454323+00:00] main.INFO: Add of item with id Magento_Review::catalog_reviews_ratings_pending was processed [] []
[2025-11-05T17:30:13.455075+00:00] main.INFO: Add of item with id Magento_Review::catalog_reviews_ratings_reviews_all was processed [] []
[2025-11-05T17:30:13.455703+00:00] main.INFO: Add of item with id Magento_Review::report_review was processed [] []
[2025-11-05T17:30:13.456494+00:00] main.INFO: Add of item with id Magento_Review::report_review_customer was processed [] []
[2025-11-05T17:30:13.457043+00:00] main.INFO: Add of item with id Magento_Review::report_review_product was processed [] []
[2025-11-05T17:30:13.457685+00:00] main.INFO: Add of item with id Magento_UrlRewrite::urlrewrite was processed [] []
[2025-11-05T17:30:13.458412+00:00] main.INFO: Add of item with id Magento_Tax::sales_tax was processed [] []
[2025-11-05T17:30:13.459261+00:00] main.INFO: Add of item with id Magento_Tax::sales_tax_rules was processed [] []
[2025-11-05T17:30:13.459750+00:00] main.INFO: Add of item with id Magento_Tax::sales_tax_rates was processed [] []
[2025-11-05T17:30:13.460459+00:00] main.INFO: Add of item with id Magento_TaxImportExport::system_convert_tax was processed [] []
[2025-11-05T17:30:13.461139+00:00] main.INFO: Add of item with id Magento_AsynchronousOperations::system_magento_logging was processed [] []
[2025-11-05T17:30:13.462050+00:00] main.INFO: Add of item with id Magento_AsynchronousOperations::system_magento_logging_bulk_operations was processed [] []
[2025-11-05T17:30:13.462820+00:00] main.INFO: Add of item with id Magento_CurrencySymbol::system_currency was processed [] []
[2025-11-05T17:30:13.463637+00:00] main.INFO: Add of item with id Magento_CurrencySymbol::system_currency_rates was processed [] []
[2025-11-05T17:30:13.464559+00:00] main.INFO: Add of item with id Magento_CurrencySymbol::system_currency_symbols was processed [] []
[2025-11-05T17:30:13.465800+00:00] main.INFO: Add of item with id Nguyen_Student::main was processed [] []
[2025-11-05T17:30:13.466353+00:00] main.INFO: Add of item with id Nguyen_Student::students was processed [] []
[2025-11-05T17:30:13.466928+00:00] main.INFO: Add of item with id PayPal_Braintree::settlement_report was processed [] []
[2025-11-05T17:30:13.467447+00:00] main.INFO: Add of item with id PayPal_Braintree::virtual_terminal was processed [] []
[2025-11-05T17:30:17.387195+00:00] main.INFO: Broken reference: the 'notification.messages' tries to reorder itself towards 'user', but their parents are different: 'header.inner.right' and 'header' respectively. [] []
[2025-11-05T17:30:35.381793+00:00] main.INFO: Broken reference: the 'notification.messages' tries to reorder itself towards 'user', but their parents are different: 'header.inner.right' and 'header' respectively. [] []
[2025-11-05T17:30:38.109518+00:00] main.ERROR: Unable to resolve the source file for 'adminhtml/Magento/backend/en_US/Nguyen_Student/js/grid/columns/group.js' [] []
[2025-11-05T17:30:38.113184+00:00] main.CRITICAL: Unable to resolve the source file for 'adminhtml/Magento/backend/en_US/Nguyen_Student/js/grid/columns/group.js' [] []
[2025-11-05T17:39:34.862508+00:00] main.ERROR: Unable to resolve the source file for 'adminhtml/Magento/backend/en_US/moment.min.js.map' [] []
[2025-11-05T17:39:34.865625+00:00] main.CRITICAL: Unable to resolve the source file for 'adminhtml/Magento/backend/en_US/moment.min.js.map' [] []
